<?xml version="1.0" encoding="utf-8"?><testsuites name="pytest tests"><testsuite name="pytest" errors="0" failures="0" skipped="0" tests="25" time="10.379" timestamp="2026-04-05T11:26:35.505315+00:00" hostname="agent-env-1ee491cf-78cf-4998-9116-4eef5e5c3ddf"><testcase classname="backend.tests.test_docker_deployment.TestDockerFilesExist" name="test_docker_compose_exists" time="0.001" /><testcase classname="backend.tests.test_docker_deployment.TestDockerFilesExist" name="test_backend_dockerfile_exists" time="0.001" /><testcase classname="backend.tests.test_docker_deployment.TestDockerFilesExist" name="test_backend_requirements_docker_exists" time="0.001" /><testcase classname="backend.tests.test_docker_deployment.TestDockerFilesExist" name="test_frontend_dockerfile_exists" time="0.001" /><testcase classname="backend.tests.test_docker_deployment.TestDockerFilesExist" name="test_nginx_conf_exists" time="0.001" /><testcase classname="backend.tests.test_docker_deployment.TestDockerFilesExist" name="test_env_docker_exists" time="0.001" /><testcase classname="backend.tests.test_docker_deployment.TestDockerFilesExist" name="test_docker_deploy_md_exists" time="0.001" /><testcase classname="backend.tests.test_docker_deployment.TestHealthEndpoint" name="test_health_returns_200" time="0.173" /><testcase classname="backend.tests.test_docker_deployment.TestHealthEndpoint" name="test_health_mongodb_connected" time="0.156" /><testcase classname="backend.tests.test_docker_deployment.TestHealthEndpoint" name="test_health_msf_rpc_status" time="0.135" /><testcase classname="backend.tests.test_docker_deployment.TestHealthEndpoint" name="test_health_sliver_status" time="0.137" /><testcase classname="backend.tests.test_docker_deployment.TestHealthEndpoint" name="test_health_listener_status" time="0.134" /><testcase classname="backend.tests.test_docker_deployment.TestRootEndpoint" name="test_root_returns_version" time="0.245" /><testcase classname="backend.tests.test_docker_deployment.TestRootEndpoint" name="test_root_has_docker_feature" time="0.154" /><testcase classname="backend.tests.test_docker_deployment.TestConfigEndpoint" name="test_config_returns_listener" time="0.131" /><testcase classname="backend.tests.test_docker_deployment.TestConfigEndpoint" name="test_config_update_persists" time="0.528" /><testcase classname="backend.tests.test_docker_deployment.TestPayloadsEndpoint" name="test_payloads_templates_returns_11" time="0.134" /><testcase classname="backend.tests.test_docker_deployment.TestPayloadsEndpoint" name="test_payload_generate_injects_lhost" time="0.276" /><testcase classname="backend.tests.test_docker_deployment.TestC2Dashboard" name="test_c2_dashboard_returns_both_statuses" time="0.148" /><testcase classname="backend.tests.test_docker_deployment.TestC2Dashboard" name="test_c2_dashboard_has_diagnostics" time="0.137" /><testcase classname="backend.tests.test_docker_deployment.TestScanEndpoints" name="test_scan_start_returns_scan_id" time="0.129" /><testcase classname="backend.tests.test_docker_deployment.TestScanEndpoints" name="test_scan_status_returns_completed" time="7.031" /><testcase classname="backend.tests.test_docker_deployment.TestChainsEndpoint" name="test_chains_returns_6" time="0.151" /><testcase classname="backend.tests.test_docker_deployment.TestMitreEndpoint" name="test_mitre_tactics_returns_data" time="0.137" /><testcase classname="backend.tests.test_docker_deployment.TestMsfDiagnostics" name="test_msf_diagnostics_returns_connection_info" time="0.148" /></testsuite></testsuites>