<?xml version="1.0" encoding="utf-8"?><testsuites name="pytest tests"><testsuite name="pytest" errors="0" failures="0" skipped="0" tests="17" time="12.648" timestamp="2026-04-05T05:28:36.179150+00:00" hostname="agent-env-1ee491cf-78cf-4998-9116-4eef5e5c3ddf"><testcase classname="backend.tests.test_full_features.TestHealthAndConfig" name="test_health_check" time="0.207" /><testcase classname="backend.tests.test_full_features.TestHealthAndConfig" name="test_get_config" time="0.172" /><testcase classname="backend.tests.test_full_features.TestHealthAndConfig" name="test_update_config" time="0.577" /><testcase classname="backend.tests.test_full_features.TestMITRETactics" name="test_get_mitre_tactics" time="0.147" /><testcase classname="backend.tests.test_full_features.TestScanOperations" name="test_start_scan" time="0.154" /><testcase classname="backend.tests.test_full_features.TestScanOperations" name="test_scan_status_and_completion" time="7.418" /><testcase classname="backend.tests.test_full_features.TestScanOperations" name="test_scan_history" time="0.285" /><testcase classname="backend.tests.test_full_features.TestAttackChains" name="test_get_chains" time="0.387" /><testcase classname="backend.tests.test_full_features.TestAttackChains" name="test_get_chain_details" time="0.409" /><testcase classname="backend.tests.test_full_features.TestC2Dashboard" name="test_c2_dashboard" time="0.230" /><testcase classname="backend.tests.test_full_features.TestC2Dashboard" name="test_msf_status" time="0.232" /><testcase classname="backend.tests.test_full_features.TestC2Dashboard" name="test_sliver_status" time="0.151" /><testcase classname="backend.tests.test_full_features.TestMetasploitModules" name="test_get_modules" time="0.164" /><testcase classname="backend.tests.test_full_features.TestTools" name="test_get_tools" time="0.132" /><testcase classname="backend.tests.test_full_features.TestTacticalEngine" name="test_service_attacks" time="0.145" /><testcase classname="backend.tests.test_full_features.TestTacticalEngine" name="test_vuln_exploits" time="0.143" /><testcase classname="backend.tests.test_full_features.TestScanAbort" name="test_abort_scan" time="1.322" /></testsuite></testsuites>