<?xml version="1.0" encoding="utf-8"?><testsuites name="pytest tests"><testsuite name="pytest" errors="0" failures="0" skipped="0" tests="19" time="5.448" timestamp="2026-04-03T02:24:53.419418+00:00" hostname="agent-env-1ee491cf-78cf-4998-9116-4eef5e5c3ddf"><testcase classname="backend.tests.test_attack_chains.TestHealthCheck" name="test_api_health_check" time="0.506" /><testcase classname="backend.tests.test_attack_chains.TestAttackChains" name="test_get_all_chains" time="0.132" /><testcase classname="backend.tests.test_attack_chains.TestAttackChains" name="test_get_web_to_shell_chain" time="0.216" /><testcase classname="backend.tests.test_attack_chains.TestAttackChains" name="test_get_smb_to_domain_chain" time="0.193" /><testcase classname="backend.tests.test_attack_chains.TestAttackChains" name="test_get_kerberos_attack_chain" time="0.195" /><testcase classname="backend.tests.test_attack_chains.TestAttackChains" name="test_get_nonexistent_chain" time="0.246" /><testcase classname="backend.tests.test_attack_chains.TestAttackChains" name="test_generate_chain_commands" time="0.235" /><testcase classname="backend.tests.test_attack_chains.TestAttackChains" name="test_detect_applicable_chains_smb" time="0.268" /><testcase classname="backend.tests.test_attack_chains.TestAttackChains" name="test_detect_applicable_chains_kerberos" time="0.323" /><testcase classname="backend.tests.test_attack_chains.TestAttackChains" name="test_execute_chain" time="0.280" /><testcase classname="backend.tests.test_attack_chains.TestAttackChains" name="test_get_chain_execution_status" time="0.239" /><testcase classname="backend.tests.test_attack_chains.TestAttackChains" name="test_get_nonexistent_execution" time="0.408" /><testcase classname="backend.tests.test_attack_chains.TestMITREAndTools" name="test_get_mitre_tactics" time="0.121" /><testcase classname="backend.tests.test_attack_chains.TestMITREAndTools" name="test_get_tools" time="0.270" /><testcase classname="backend.tests.test_attack_chains.TestMITREAndTools" name="test_get_metasploit_modules" time="0.177" /><testcase classname="backend.tests.test_attack_chains.TestTacticalEngine" name="test_get_service_attacks" time="0.209" /><testcase classname="backend.tests.test_attack_chains.TestTacticalEngine" name="test_get_waf_bypass_cloudflare" time="0.254" /><testcase classname="backend.tests.test_attack_chains.TestTacticalEngine" name="test_get_waf_bypass_default" time="0.204" /><testcase classname="backend.tests.test_attack_chains.TestScanHistory" name="test_get_scan_history" time="0.261" /></testsuite></testsuites>